2025-04-12 09:04:31,290 - db_helper - INFO - fetch_expenses_for_date called with 2024-08-01
2025-04-12 09:05:35,807 - db_helper - INFO - fetch_expenses_for_date called with 2024-08-01
2025-04-12 09:07:23,443 - db_helper - INFO - fetch_expenses_for_date called with 2024-08-01
2025-04-12 12:11:28,149 - db_helper - INFO - fetch_expenses_for_date called with 2024-08-01
2025-04-12 12:12:56,286 - db_helper - INFO - fetch_expenses_for_date called with 2024-08-01
2025-04-12 12:19:50,605 - name - INFO - fetch_expenses_for_date called with 2024-08-01
2025-04-12 12:20:24,837 - db_helper - INFO - fetch_expenses_for_date called with 2024-08-01
2025-04-12 13:33:21,805 - db_helper - INFO - fetch_expenses_for_date called with 2024-08-02
2025-04-12 13:34:57,191 - db_helper - INFO - fetch_expenses_for_date called with 2024-08-02
2025-04-12 13:35:01,535 - db_helper - INFO - fetch_expenses_for_date called with 2024-08-01
2025-04-12 13:38:48,168 - db_helper - INFO - fetch_expenses_for_date called with 2024-08-01
2025-04-12 13:39:01,230 - db_helper - INFO - fetch_expenses_for_date called with 2024-08-02
2025-04-12 13:39:14,631 - db_helper - INFO - fetch_expenses_for_date called with 2024-08-01
2025-04-12 16:56:34,941 - db_helper - INFO - fetch_expenses_for_date called with 2024-08-01
2025-04-12 16:56:42,914 - db_helper - INFO - fetch_expenses_for_date called with 2024-08-01
2025-04-12 17:08:42,393 - db_helper - INFO - fetch_expenses_for_date called with 2024-08-01
2025-04-12 17:09:26,318 - db_helper - INFO - fetch_expenses_for_date called with 2024-08-01
2025-04-12 17:09:45,029 - db_helper - INFO - fetch_expenses_for_date called with 2024-08-01
2025-04-12 17:10:10,990 - db_helper - INFO - fetch_expenses_for_date called with 2024-08-01
2025-04-12 17:10:55,487 - db_helper - INFO - fetch_expenses_for_date called with 2024-08-01
2025-04-12 17:11:09,661 - db_helper - INFO - fetch_expenses_for_date called with 2024-08-01
2025-04-12 17:12:38,842 - db_helper - INFO - fetch_expenses_for_date called with 2024-08-01
2025-04-12 17:13:28,179 - db_helper - INFO - fetch_expenses_for_date called with 2024-08-01
2025-04-12 17:13:29,696 - db_helper - INFO - fetch_expenses_for_date called with 2024-08-01
2025-04-12 17:22:39,425 - db_helper - INFO - fetch_expenses_for_date called with 2024-08-01
2025-04-12 17:23:41,426 - db_helper - INFO - fetch_expenses_for_date called with 2024-08-01
2025-04-12 17:25:33,277 - db_helper - INFO - fetch_expenses_for_date called with 2024-08-01
2025-04-12 17:26:20,159 - db_helper - INFO - fetch_expenses_for_date called with 2024-08-01
2025-04-12 17:26:27,860 - db_helper - INFO - fetch_expenses_for_date called with 2024-08-01
2025-04-12 17:26:42,625 - db_helper - INFO - fetch_expenses_for_date called with 2024-08-01
2025-04-12 17:36:07,025 - db_helper - INFO - fetch_expenses_for_date called with 2024-08-01
2025-04-12 17:36:24,178 - db_helper - INFO - fetch_expenses_for_date called with 2024-08-01
2025-04-12 17:36:40,145 - db_helper - INFO - fetch_expenses_for_date called with 2024-08-01
2025-04-12 17:36:57,937 - db_helper - INFO - fetch_expenses_for_date called with 2024-08-01
2025-04-12 17:38:08,321 - db_helper - INFO - fetch_expenses_for_date called with 2024-08-01
2025-04-12 17:38:45,756 - db_helper - INFO - fetch_expenses_for_date called with 2024-08-02
2025-04-12 17:39:04,227 - db_helper - INFO - fetch_expenses_for_date called with 2024-08-02
2025-04-12 17:40:06,431 - db_helper - INFO - fetch_expenses_for_date called with 2024-08-01
2025-04-12 17:41:24,623 - db_helper - INFO - fetch_expenses_for_date called with 2024-08-02
2025-04-12 17:42:02,053 - db_helper - INFO - fetch_expenses_for_date called with 2024-08-02
2025-04-12 17:42:16,305 - db_helper - INFO - fetch_expenses_for_date called with 2024-08-02
2025-04-12 17:42:51,303 - db_helper - INFO - fetch_expenses_for_date called with 2024-08-02
2025-04-12 17:43:14,734 - db_helper - INFO - fetch_expenses_for_date called with 2024-08-02
2025-04-12 17:44:38,778 - db_helper - INFO - fetch_expenses_for_date called with 2024-08-02
2025-04-12 17:44:49,907 - db_helper - INFO - fetch_expenses_for_date called with 2024-08-02
2025-04-12 17:45:18,481 - db_helper - INFO - fetch_expenses_for_date called with 2024-08-07
2025-04-12 17:45:28,898 - db_helper - INFO - fetch_expenses_for_date called with 2024-08-06
2025-04-12 17:46:41,995 - db_helper - INFO - fetch_expenses_for_date called with 2024-08-06
2025-04-12 17:47:00,289 - db_helper - INFO - fetch_expenses_for_date called with 2024-08-02
2025-04-12 17:48:19,322 - db_helper - INFO - fetch_expenses_for_date called with 2024-08-02
2025-04-12 17:49:40,890 - db_helper - INFO - fetch_expenses_for_date called with 2024-08-02
2025-04-12 17:49:47,351 - db_helper - INFO - fetch_expenses_for_date called with 2024-08-06
2025-04-12 17:49:52,784 - db_helper - INFO - fetch_expenses_for_date called with 2024-08-07
2025-04-12 17:49:55,050 - db_helper - INFO - fetch_expenses_for_date called with 2024-08-08
2025-04-12 17:49:56,996 - db_helper - INFO - fetch_expenses_for_date called with 2024-08-09
2025-04-12 17:49:58,839 - db_helper - INFO - fetch_expenses_for_date called with 2024-08-10
2025-04-12 17:50:00,616 - db_helper - INFO - fetch_expenses_for_date called with 2024-08-12
2025-04-12 17:50:02,374 - db_helper - INFO - fetch_expenses_for_date called with 2024-08-01
2025-04-12 17:50:05,127 - db_helper - INFO - fetch_expenses_for_date called with 2024-07-02
2025-04-12 17:50:07,158 - db_helper - INFO - fetch_expenses_for_date called with 2024-07-04
2025-04-12 17:50:13,750 - db_helper - INFO - fetch_expenses_for_date called with 2024-08-02
2025-04-12 17:50:25,845 - db_helper - INFO - fetch_expenses_for_date called with 2024-08-02
2025-04-12 18:01:18,851 - db_helper - INFO - fetch_expenses_for_date called with 2024-08-08
2025-04-12 18:01:22,946 - db_helper - INFO - fetch_expenses_for_date called with 2024-08-07
2025-04-12 18:03:13,222 - db_helper - INFO - fetch_expenses_for_date called with 2024-08-07
2025-04-12 18:03:13,268 - db_helper - INFO - delete_expenses_for_expense_date called with 2024-08-07
2025-04-12 18:03:13,552 - db_helper - INFO - insert_expense called with date: 2024-08-07, amount: 30.0, category: Food, notes: ate samosa
2025-04-12 18:03:13,586 - db_helper - INFO - insert_expense called with date: 2024-08-07, amount: 50.0, category: Shopping, notes: Bought Coconut
2025-04-12 18:03:13,618 - db_helper - INFO - insert_expense called with date: 2024-08-07, amount: 100.0, category: Shopping, notes: stationeries
2025-04-12 18:05:19,269 - db_helper - INFO - fetch_expenses_for_date called with 2024-08-07
2025-04-12 18:05:19,322 - db_helper - INFO - delete_expenses_for_expense_date called with 2024-08-07
2025-04-12 18:05:19,604 - db_helper - INFO - insert_expense called with date: 2024-08-07, amount: 30.0, category: Food, notes: ate samosa
2025-04-12 18:05:19,617 - db_helper - INFO - insert_expense called with date: 2024-08-07, amount: 50.0, category: Shopping, notes: Bought Coconut
2025-04-12 18:05:19,630 - db_helper - INFO - insert_expense called with date: 2024-08-07, amount: 100.0, category: Shopping, notes: stationeries
2025-04-12 18:05:19,643 - db_helper - INFO - insert_expense called with date: 2024-08-07, amount: 20.0, category: Food, notes: cool drinks
2025-04-12 18:05:52,195 - db_helper - INFO - fetch_expenses_for_date called with 2024-08-07
2025-04-12 18:05:52,232 - db_helper - INFO - delete_expenses_for_expense_date called with 2024-08-07
2025-04-12 18:05:52,246 - db_helper - INFO - insert_expense called with date: 2024-08-07, amount: 30.0, category: Food, notes: Ate samosa
2025-04-12 18:05:52,258 - db_helper - INFO - insert_expense called with date: 2024-08-07, amount: 50.0, category: Shopping, notes: Bought Coconut
2025-04-12 18:05:52,509 - db_helper - INFO - insert_expense called with date: 2024-08-07, amount: 100.0, category: Shopping, notes: stationeries
2025-04-12 18:05:52,522 - db_helper - INFO - insert_expense called with date: 2024-08-07, amount: 20.0, category: Food, notes: cool drinks
2025-04-12 18:06:15,930 - db_helper - INFO - fetch_expenses_for_date called with 2024-08-01
2025-04-12 18:06:19,631 - db_helper - INFO - fetch_expenses_for_date called with 2024-08-07
2025-04-12 18:06:25,726 - db_helper - INFO - fetch_expenses_for_date called with 2024-08-08
2025-04-12 18:06:27,795 - db_helper - INFO - fetch_expenses_for_date called with 2024-08-01
2025-04-12 18:06:30,311 - db_helper - INFO - fetch_expenses_for_date called with 2024-08-02
2025-04-12 18:17:25,974 - db_helper - INFO - fetch_summary_expenses called with start: 2024-08-01 end: 2024-08-20
2025-04-12 18:28:15,056 - db_helper - INFO - fetch_summary_expenses called with start: 2024-08-01 end: 2024-08-20
2025-04-12 18:29:00,246 - db_helper - INFO - fetch_summary_expenses called with start: 2024-08-01 end: 2024-08-20
2025-04-12 18:39:32,617 - db_helper - INFO - fetch_expenses_for_date called with 2024-08-01
2025-04-12 18:39:35,500 - db_helper - INFO - fetch_expenses_for_date called with 2024-08-02
2025-04-12 18:41:10,678 - db_helper - INFO - fetch_expenses_for_date called with 2024-08-02
2025-04-12 18:42:22,040 - db_helper - INFO - fetch_expenses_for_date called with 2024-08-02
2025-04-12 18:54:34,879 - db_helper - INFO - fetch_expenses_for_date called with 2024-08-02
2025-04-12 18:54:37,174 - db_helper - INFO - fetch_expenses_for_date called with 2024-08-02
2025-04-12 18:54:37,235 - db_helper - INFO - fetch_summary_expenses called with start: 2024-08-01 end: 2024-08-05
2025-04-12 18:56:03,648 - db_helper - INFO - fetch_expenses_for_date called with 2024-08-02
2025-04-12 18:56:03,718 - db_helper - INFO - fetch_summary_expenses called with start: 2024-08-01 end: 2024-08-05
2025-04-12 18:56:19,155 - db_helper - INFO - fetch_expenses_for_date called with 2024-08-02
2025-04-12 18:56:20,694 - db_helper - INFO - fetch_expenses_for_date called with 2024-08-02
2025-04-12 18:56:20,754 - db_helper - INFO - fetch_summary_expenses called with start: 2024-08-01 end: 2024-08-05
2025-04-12 18:58:23,890 - db_helper - INFO - fetch_expenses_for_date called with 2024-08-02
2025-04-12 18:58:26,910 - db_helper - INFO - fetch_expenses_for_date called with 2024-08-02
2025-04-12 18:58:26,969 - db_helper - INFO - fetch_summary_expenses called with start: 2024-08-01 end: 2024-08-05
2025-04-12 18:59:56,852 - db_helper - INFO - fetch_expenses_for_date called with 2024-08-02
2025-04-12 18:59:59,208 - db_helper - INFO - fetch_expenses_for_date called with 2024-08-02
2025-04-12 18:59:59,274 - db_helper - INFO - fetch_summary_expenses called with start: 2024-08-01 end: 2024-08-05
2025-04-12 19:01:01,159 - db_helper - INFO - fetch_expenses_for_date called with 2024-08-02
2025-04-12 19:01:02,526 - db_helper - INFO - fetch_expenses_for_date called with 2024-08-02
2025-04-12 19:01:02,583 - db_helper - INFO - fetch_summary_expenses called with start: 2024-08-01 end: 2024-08-05
2025-04-12 20:30:28,248 - db_helper - INFO - fetch_summary_expeses_monthly
2025-04-12 20:46:53,027 - db_helper - INFO - fetch_summary_expeses_monthly
2025-04-12 20:48:17,819 - db_helper - INFO - fetch_summary_expeses_monthly
2025-04-12 20:48:40,431 - db_helper - INFO - fetch_summary_expeses_monthly
2025-04-12 20:50:51,182 - db_helper - INFO - fetch_summary_expeses_monthly
2025-04-12 20:52:37,818 - db_helper - INFO - fetch_summary_expeses_monthly
2025-04-12 20:56:50,110 - db_helper - INFO - fetch_summary_expeses_monthly
2025-04-12 20:57:54,828 - db_helper - INFO - fetch_summary_expeses_monthly
2025-04-12 21:00:42,234 - db_helper - INFO - fetch_summary_expeses_monthly
2025-04-12 21:02:18,530 - db_helper - INFO - fetch_summary_expenses called with start: 2024-08-01 end: 2024-08-20
2025-04-12 21:09:16,133 - db_helper - INFO - fetch_expenses_for_date called with 2024-08-01
2025-04-12 21:10:07,025 - db_helper - INFO - fetch_expenses_for_date called with 2024-08-01
2025-04-12 21:14:16,771 - db_helper - INFO - fetch_expenses_for_date called with 2024-08-01
2025-04-12 21:14:16,834 - db_helper - INFO - fetch_summary_expeses_monthly
2025-04-12 21:17:56,289 - db_helper - INFO - fetch_expenses_for_date called with 2024-08-01
2025-04-12 21:17:56,346 - db_helper - INFO - fetch_summary_expeses_monthly
2025-04-12 21:27:05,656 - db_helper - INFO - fetch_summary_expeses_monthly
2025-04-12 21:27:08,794 - db_helper - INFO - fetch_summary_expenses called with start: 2024-08-01 end: 2024-08-20
2025-04-12 21:27:15,218 - db_helper - INFO - fetch_expenses_for_date called with 2024-08-01
2025-04-12 21:27:15,277 - db_helper - INFO - fetch_summary_expeses_monthly
2025-04-12 21:27:39,480 - db_helper - INFO - fetch_expenses_for_date called with 2024-08-01
2025-04-12 21:27:39,557 - db_helper - INFO - fetch_summary_expeses_monthly
2025-04-12 21:28:25,376 - db_helper - INFO - fetch_expenses_for_date called with 2024-08-01
2025-04-12 21:28:25,436 - db_helper - INFO - fetch_summary_expeses_monthly
2025-04-12 21:28:41,744 - db_helper - INFO - fetch_expenses_for_date called with 2024-08-01
2025-04-12 21:28:41,809 - db_helper - INFO - fetch_summary_expeses_monthly
2025-04-12 21:32:32,851 - db_helper - INFO - fetch_expenses_for_date called with 2024-08-01
2025-04-12 21:32:32,910 - db_helper - INFO - fetch_summary_expeses_monthly
2025-04-12 21:33:16,613 - db_helper - INFO - fetch_expenses_for_date called with 2024-08-01
2025-04-12 21:33:16,677 - db_helper - INFO - fetch_summary_expeses_monthly
2025-04-12 21:37:57,561 - db_helper - INFO - fetch_expenses_for_date called with 2024-08-01
2025-04-12 21:37:57,610 - db_helper - INFO - fetch_summary_expeses_monthly
2025-04-12 21:38:58,155 - db_helper - INFO - fetch_expenses_for_date called with 2024-08-01
2025-04-12 21:38:58,217 - db_helper - INFO - fetch_summary_expeses_monthly
2025-04-12 21:39:55,104 - db_helper - INFO - fetch_expenses_for_date called with 2024-08-01
2025-04-12 21:39:55,159 - db_helper - INFO - fetch_summary_expeses_monthly
2025-04-12 21:40:21,306 - db_helper - INFO - fetch_expenses_for_date called with 2024-08-01
2025-04-12 21:40:21,365 - db_helper - INFO - fetch_summary_expeses_monthly
2025-04-12 21:40:55,173 - db_helper - INFO - fetch_expenses_for_date called with 2024-08-01
2025-04-12 21:40:55,231 - db_helper - INFO - fetch_summary_expeses_monthly
2025-04-12 21:41:27,736 - db_helper - INFO - fetch_expenses_for_date called with 2024-08-01
2025-04-12 21:41:27,800 - db_helper - INFO - fetch_summary_expeses_monthly
2025-05-19 23:32:48,844 - db_helper - INFO - fetch_expenses_for_date called with 2024-08-01
2025-05-19 23:32:48,941 - db_helper - INFO - fetch_summary_expeses_monthly
2025-05-19 23:33:08,063 - db_helper - INFO - fetch_expenses_for_date called with 2024-08-09
2025-05-19 23:33:08,123 - db_helper - INFO - fetch_summary_expeses_monthly
2025-05-19 23:33:12,613 - db_helper - INFO - fetch_expenses_for_date called with 2024-08-01
2025-05-19 23:33:12,705 - db_helper - INFO - fetch_summary_expeses_monthly
2025-05-19 23:33:16,193 - db_helper - INFO - fetch_expenses_for_date called with 2024-08-02
2025-05-19 23:33:16,245 - db_helper - INFO - fetch_summary_expeses_monthly
2025-05-19 23:33:18,741 - db_helper - INFO - fetch_expenses_for_date called with 2024-08-02
2025-05-19 23:33:18,783 - db_helper - INFO - delete_expenses_for_expense_date called with 2024-08-02
2025-05-19 23:33:18,920 - db_helper - INFO - insert_expense called with date: 2024-08-02, amount: 50.0, category: Entertainment, notes: Movie tickets
2025-05-19 23:33:18,974 - db_helper - INFO - insert_expense called with date: 2024-08-02, amount: 150.0, category: Shopping, notes: New shoes
2025-05-19 23:33:18,987 - db_helper - INFO - insert_expense called with date: 2024-08-02, amount: 400.0, category: Food, notes: Groceries for the week
2025-05-19 23:33:19,000 - db_helper - INFO - insert_expense called with date: 2024-08-02, amount: 80.0, category: Entertainment, notes: Concert tickets
2025-05-19 23:33:19,014 - db_helper - INFO - insert_expense called with date: 2024-08-02, amount: 100.0, category: Shopping, notes: Clothes
2025-05-19 23:33:19,027 - db_helper - INFO - insert_expense called with date: 2024-08-02, amount: 50.0, category: Other, notes: Gasoline
2025-05-19 23:33:19,051 - db_helper - INFO - fetch_summary_expeses_monthly
2025-05-19 23:33:25,140 - db_helper - INFO - fetch_expenses_for_date called with 2024-08-02
2025-05-19 23:33:25,234 - db_helper - INFO - fetch_summary_expenses called with start: 2024-08-01 end: 2024-08-05
2025-05-19 23:33:25,346 - db_helper - INFO - fetch_summary_expeses_monthly
2025-05-19 23:33:58,768 - db_helper - INFO - fetch_expenses_for_date called with 2024-08-16
2025-05-19 23:33:58,824 - db_helper - INFO - fetch_summary_expeses_monthly
2025-05-19 23:34:01,875 - db_helper - INFO - fetch_expenses_for_date called with 2024-08-10
2025-05-19 23:34:01,930 - db_helper - INFO - fetch_summary_expeses_monthly
2025-05-19 23:34:06,204 - db_helper - INFO - fetch_expenses_for_date called with 2024-07-04
2025-05-19 23:34:06,254 - db_helper - INFO - fetch_summary_expeses_monthly
2025-05-19 23:34:11,475 - db_helper - INFO - fetch_expenses_for_date called with 2024-08-02
2025-05-19 23:34:11,525 - db_helper - INFO - fetch_summary_expeses_monthly
2025-05-20 00:17:26,657 - db_helper - INFO - fetch_expenses_for_date called with 2024-08-01
2025-05-20 00:17:26,791 - db_helper - INFO - fetch_summary_expeses_monthly
2025-05-20 00:17:32,978 - db_helper - INFO - fetch_expenses_for_date called with 2024-08-01
2025-05-20 00:17:33,030 - db_helper - INFO - delete_expenses_for_expense_date called with 2024-08-01
2025-05-20 00:17:33,310 - db_helper - INFO - insert_expense called with date: 2024-08-01, amount: 1227.0, category: Rent, notes: Monthly rent payment
2025-05-20 00:17:33,322 - db_helper - INFO - insert_expense called with date: 2024-08-01, amount: 300.0, category: Food, notes: Groceries for the week
2025-05-20 00:17:33,334 - db_helper - INFO - insert_expense called with date: 2024-08-01, amount: 1200.0, category: Rent, notes: Monthly rent payment
2025-05-20 00:17:33,347 - db_helper - INFO - insert_expense called with date: 2024-08-01, amount: 300.0, category: Food, notes: Groceries for the week
2025-05-20 00:17:33,368 - db_helper - INFO - fetch_summary_expeses_monthly
2025-05-20 00:19:12,508 - db_helper - INFO - fetch_expenses_for_date called with 2024-08-01
2025-05-20 00:19:12,557 - db_helper - INFO - fetch_summary_expenses called with start: 2024-08-01 end: 2024-08-05
2025-05-20 00:19:12,639 - db_helper - INFO - fetch_summary_expeses_monthly
